
2015-12-21 02:01:30

Operating System
  Name                        = Microsoft Windows 10 Pro
  Version                     = 10.0.10586
  Architecture                = 32bit
  # CPUs                      = 8
  Memory                      = 8565981184

Node.js
  Node.js Version             = 0.12.7
  npm Version                 = 2.11.3

Titanium CLI
  CLI Version                 = 5.0.5

Titanium SDK
  SDK Version                 = 5.1.1.GA
  SDK Path                    = C:\ProgramData\Titanium\mobilesdk\win32\5.1.1.GA
  Target Platform             = android

Command
  node C:\Users\Oliver\.appcelerator\install\5.1.0\package\node_modules\appc-cli-titanium\node_modules\titanium\bin\titanium build --platform android --log-level trace --sdk 5.1.1.GA --project-dir C:\Users\Oliver\Documents\Appcelerator_Studio_Workspace\ConvertionProject --target emulator --android-sdk C:\Android\android-sdk --device-id Google Nexus 5 - 5.1.0 - API 22 - 1080x1920 --skip-js-minify --liveview --deploy-type development --no-colors --no-progress-bars --no-prompt --prompt-type socket-bundle --prompt-port 51224 --plugin-paths C:\Users\Oliver\.appcelerator\install\5.1.0\package\node_modules --config-file C:\Users\Oliver\AppData\Local\Temp\build-1450677681901.json --no-banner

[DEBUG]  Detecting modules in C:\Users\Oliver\Documents\Appcelerator_Studio_Workspace\ConvertionProject\modules
[DEBUG]  Detected android module: com.alcoapps.actionbarextras 1.6.8 @ C:\Users\Oliver\Documents\Appcelerator_Studio_Workspace\ConvertionProject\modules\android\com.alcoapps.actionbarextras\1.6.8
[DEBUG]  Detecting modules in C:\ProgramData\Titanium\modules
[DEBUG]  Detected android module: facebook 4.0.5 @ C:\ProgramData\Titanium\modules\android\facebook\4.0.5
[DEBUG]  Detected android module: ti.cloudpush 3.4.0 @ C:\ProgramData\Titanium\modules\android\ti.cloudpush\3.4.0
[DEBUG]  Detected android module: ti.map 2.3.4 @ C:\ProgramData\Titanium\modules\android\ti.map\2.3.4
[DEBUG]  Detected commonjs module: ti.cloud 3.2.9 @ C:\ProgramData\Titanium\modules\commonjs\ti.cloud\3.2.9
[DEBUG]  Looking for Titanium module id=ti.cloud version=latest platform=commonjs deploy-type=development
[INFO]   Found Titanium module id=ti.cloud version=3.2.9 platform=commonjs deploy-type=development path=C:\ProgramData\Titanium\modules\commonjs\ti.cloud\3.2.9
[DEBUG]  Looking for Titanium module id=com.alcoapps.actionbarextras version=latest platform=android deploy-type=development
[INFO]   Found Titanium module id=com.alcoapps.actionbarextras version=1.6.8 platform=android deploy-type=development path=C:\Users\Oliver\Documents\Appcelerator_Studio_Workspace\ConvertionProject\modules\android\com.alcoapps.actionbarextras\1.6.8
[DEBUG]  No project level plugins to load
[TRACE]  Snapshotting build directory
[DEBUG]  Titanium SDK Android directory: C:\ProgramData\Titanium\mobilesdk\win32\5.1.1.GA\android
[INFO]   Deploy type: development
[INFO]   Building for target: emulator
[INFO]   Building for emulator: Google Nexus 5 - 5.1.0 - API 22 - 1080x1920
[INFO]   Targeting Android SDK API: 23
[INFO]   Building for the following architectures: armeabi, armeabi-v7a, x86
[INFO]   Signing with keystore: C:\ProgramData\Titanium\mobilesdk\win32\5.1.1.GA\android\dev_keystore (tidev)
[DEBUG]  App ID: com.oliverporcel.ConvertionProject
[DEBUG]  Classname: Convertionproject
[INFO]   Debugging disabled
[INFO]   Profiler disabled
[INFO]   Forcing rebuild: C:\Users\Oliver\Documents\Appcelerator_Studio_Workspace\ConvertionProject\build\android\build-manifest.json does not exist
[INFO]   Launching emulator: Google Nexus 5 - 5.1.0 - API 22 - 1080x1920
[TRACE]  Starting emulator: Google Nexus 5 - 5.1.0 - API 22 - 1080x1920
[TRACE]  Checking if emulator Google Nexus 5 - 5.1.0 - API 22 - 1080x1920 is running...
[TRACE]  Detecting if Google Nexus 5 - 5.1.0 - API 22 - 1080x1920 exists...
[TRACE]  Found 1 emulators
[TRACE]  Emulator exists, detecting all running emulators and connected devices...
[TRACE]  Detected 1 running emulators and connected devices
[TRACE]  Checking 1 devices to see if it's the emulator we want
[TRACE]  The emulator is running
[INFO]   Emulator already running
[TRACE]  Checking the boot state for the next 240000 ms
[TRACE]  Waiting for emulator to register with ADB
[TRACE]  Emulator process started
[TRACE]  offline build file C:\Users\Oliver\AppData\Local\Temp\build-5b4645739cb87a9334f57d21992231f2ee8b6796.json
[TRACE]  online 1
[TRACE]  optimizing build, last build was 86029.218 sec ago
[DEBUG]  Copying C:\Users\Oliver\Documents\Appcelerator_Studio_Workspace\ConvertionProject\Resources
[DEBUG]  Ignoring C:\Users\Oliver\Documents\Appcelerator_Studio_Workspace\ConvertionProject\Resources\android
[WARN]   Overwriting file C:\Users\Oliver\Documents\Appcelerator_Studio_Workspace\ConvertionProject\build\android\bin\assets\Resources\images\longitud.png
[DEBUG]  Copying C:\Users\Oliver\Documents\Appcelerator_Studio_Workspace\ConvertionProject\Resources\images\longitud.png => C:\Users\Oliver\Documents\Appcelerator_Studio_Workspace\ConvertionProject\build\android\bin\assets\Resources\images\longitud.png
[WARN]   Overwriting file C:\Users\Oliver\Documents\Appcelerator_Studio_Workspace\ConvertionProject\build\android\bin\assets\Resources\images\moneda.png
[DEBUG]  Copying C:\Users\Oliver\Documents\Appcelerator_Studio_Workspace\ConvertionProject\Resources\images\moneda.png => C:\Users\Oliver\Documents\Appcelerator_Studio_Workspace\ConvertionProject\build\android\bin\assets\Resources\images\moneda.png
[WARN]   Overwriting file C:\Users\Oliver\Documents\Appcelerator_Studio_Workspace\ConvertionProject\build\android\bin\assets\Resources\images\monedas.png
[DEBUG]  Copying C:\Users\Oliver\Documents\Appcelerator_Studio_Workspace\ConvertionProject\Resources\images\monedas.png => C:\Users\Oliver\Documents\Appcelerator_Studio_Workspace\ConvertionProject\build\android\bin\assets\Resources\images\monedas.png
[WARN]   Overwriting file C:\Users\Oliver\Documents\Appcelerator_Studio_Workspace\ConvertionProject\build\android\bin\assets\Resources\KS_nav_ui.png
[DEBUG]  Copying C:\Users\Oliver\Documents\Appcelerator_Studio_Workspace\ConvertionProject\Resources\KS_nav_ui.png => C:\Users\Oliver\Documents\Appcelerator_Studio_Workspace\ConvertionProject\build\android\bin\assets\Resources\KS_nav_ui.png
[WARN]   Overwriting file C:\Users\Oliver\Documents\Appcelerator_Studio_Workspace\ConvertionProject\build\android\bin\assets\Resources\KS_nav_views.png
[DEBUG]  Copying C:\Users\Oliver\Documents\Appcelerator_Studio_Workspace\ConvertionProject\Resources\KS_nav_views.png => C:\Users\Oliver\Documents\Appcelerator_Studio_Workspace\ConvertionProject\build\android\bin\assets\Resources\KS_nav_views.png
[DEBUG]  Ignoring C:\Users\Oliver\Documents\Appcelerator_Studio_Workspace\ConvertionProject\Resources\mobileweb
[DEBUG]  Copying C:\Users\Oliver\Documents\Appcelerator_Studio_Workspace\ConvertionProject\Resources\android
[WARN]   Overwriting file C:\Users\Oliver\Documents\Appcelerator_Studio_Workspace\ConvertionProject\build\android\bin\assets\Resources\appicon.png
[DEBUG]  Copying C:\Users\Oliver\Documents\Appcelerator_Studio_Workspace\ConvertionProject\Resources\android\appicon.png => C:\Users\Oliver\Documents\Appcelerator_Studio_Workspace\ConvertionProject\build\android\bin\assets\Resources\appicon.png
[DEBUG]  Copying C:\Users\Oliver\Documents\Appcelerator_Studio_Workspace\ConvertionProject\Resources\android\default.png => C:\Users\Oliver\Documents\Appcelerator_Studio_Workspace\ConvertionProject\build\android\res\drawable\background.png
[WARN]   Overwriting file C:\Users\Oliver\Documents\Appcelerator_Studio_Workspace\ConvertionProject\build\android\bin\assets\Resources\iConvert-icon.png
[DEBUG]  Copying C:\Users\Oliver\Documents\Appcelerator_Studio_Workspace\ConvertionProject\Resources\android\iConvert-icon.png => C:\Users\Oliver\Documents\Appcelerator_Studio_Workspace\ConvertionProject\build\android\bin\assets\Resources\iConvert-icon.png
[DEBUG]  Copying C:\Users\Oliver\Documents\Appcelerator_Studio_Workspace\ConvertionProject\Resources\android\images\res-long-land-hdpi\default.png => C:\Users\Oliver\Documents\Appcelerator_Studio_Workspace\ConvertionProject\build\android\res\drawable-long-land-hdpi\background.png
[DEBUG]  Copying C:\Users\Oliver\Documents\Appcelerator_Studio_Workspace\ConvertionProject\Resources\android\images\res-long-land-ldpi\default.png => C:\Users\Oliver\Documents\Appcelerator_Studio_Workspace\ConvertionProject\build\android\res\drawable-long-land-ldpi\background.png
[DEBUG]  Copying C:\Users\Oliver\Documents\Appcelerator_Studio_Workspace\ConvertionProject\Resources\android\images\res-long-port-hdpi\default.png => C:\Users\Oliver\Documents\Appcelerator_Studio_Workspace\ConvertionProject\build\android\res\drawable-long-port-hdpi\background.png
[DEBUG]  Copying C:\Users\Oliver\Documents\Appcelerator_Studio_Workspace\ConvertionProject\Resources\android\images\res-long-port-ldpi\default.png => C:\Users\Oliver\Documents\Appcelerator_Studio_Workspace\ConvertionProject\build\android\res\drawable-long-port-ldpi\background.png
[DEBUG]  Copying C:\Users\Oliver\Documents\Appcelerator_Studio_Workspace\ConvertionProject\Resources\android\images\res-notlong-land-hdpi\default.png => C:\Users\Oliver\Documents\Appcelerator_Studio_Workspace\ConvertionProject\build\android\res\drawable-notlong-land-hdpi\background.png
[DEBUG]  Copying C:\Users\Oliver\Documents\Appcelerator_Studio_Workspace\ConvertionProject\Resources\android\images\res-notlong-land-ldpi\default.png => C:\Users\Oliver\Documents\Appcelerator_Studio_Workspace\ConvertionProject\build\android\res\drawable-notlong-land-ldpi\background.png
[DEBUG]  Copying C:\Users\Oliver\Documents\Appcelerator_Studio_Workspace\ConvertionProject\Resources\android\images\res-notlong-land-mdpi\default.png => C:\Users\Oliver\Documents\Appcelerator_Studio_Workspace\ConvertionProject\build\android\res\drawable-notlong-land-mdpi\background.png
[DEBUG]  Copying C:\Users\Oliver\Documents\Appcelerator_Studio_Workspace\ConvertionProject\Resources\android\images\res-notlong-port-hdpi\default.png => C:\Users\Oliver\Documents\Appcelerator_Studio_Workspace\ConvertionProject\build\android\res\drawable-notlong-port-hdpi\background.png
[TRACE]  Found 1 devices, checking if any of them are the emulator...
[TRACE]  Emulator is running!
[TRACE]  Checking if boot animation has finished...
[DEBUG]  Copying C:\Users\Oliver\Documents\Appcelerator_Studio_Workspace\ConvertionProject\Resources\android\images\res-notlong-port-ldpi\default.png => C:\Users\Oliver\Documents\Appcelerator_Studio_Workspace\ConvertionProject\build\android\res\drawable-notlong-port-ldpi\background.png
[DEBUG]  Copying C:\ProgramData\Titanium\modules\commonjs\ti.cloud\3.2.9\ti.cloud.js
[DEBUG]  Copying C:\ProgramData\Titanium\modules\commonjs\ti.cloud\3.2.9\assets
[DEBUG]  Copying C:\Users\Oliver\Documents\Appcelerator_Studio_Workspace\ConvertionProject\build\android\bin\assets\Resources\appicon.png => C:\Users\Oliver\Documents\Appcelerator_Studio_Workspace\ConvertionProject\build\android\res\drawable\appicon.png
[INFO]   Processing JavaScript files
[DEBUG]  Copying C:\Users\Oliver\AppData\Local\Temp\liveview.js => C:\Users\Oliver\Documents\Appcelerator_Studio_Workspace\ConvertionProject\build\android\assets\app.js
[TRACE]  Emulator is booted, emitting booted event
[INFO]   Emulator is booted
[INFO]   SD card not required, skipping mount check
[INFO]   Emulator ready!
[DEBUG]  Copying C:\Users\Oliver\Documents\Appcelerator_Studio_Workspace\ConvertionProject\Resources\lib\common\network.js => C:\Users\Oliver\Documents\Appcelerator_Studio_Workspace\ConvertionProject\build\android\assets\lib\common\network.js
[DEBUG]  Copying C:\Users\Oliver\Documents\Appcelerator_Studio_Workspace\ConvertionProject\Resources\lib\common\utilities.js => C:\Users\Oliver\Documents\Appcelerator_Studio_Workspace\ConvertionProject\build\android\assets\lib\common\utilities.js
[DEBUG]  Copying C:\Users\Oliver\Documents\Appcelerator_Studio_Workspace\ConvertionProject\Resources\ui\common\convertion\convertion.js => C:\Users\Oliver\Documents\Appcelerator_Studio_Workspace\ConvertionProject\build\android\assets\ui\common\convertion\convertion.js
[DEBUG]  Copying C:\Users\Oliver\Documents\Appcelerator_Studio_Workspace\ConvertionProject\Resources\ui\common\convertion\picker.js => C:\Users\Oliver\Documents\Appcelerator_Studio_Workspace\ConvertionProject\build\android\assets\ui\common\convertion\picker.js
[DEBUG]  Copying C:\Users\Oliver\Documents\Appcelerator_Studio_Workspace\ConvertionProject\Resources\ui\common\home\dashboard.js => C:\Users\Oliver\Documents\Appcelerator_Studio_Workspace\ConvertionProject\build\android\assets\ui\common\home\dashboard.js
[DEBUG]  Copying C:\ProgramData\Titanium\modules\commonjs\ti.cloud\3.2.9\ti.cloud.js => C:\Users\Oliver\Documents\Appcelerator_Studio_Workspace\ConvertionProject\build\android\assets\ti.cloud.js
[INFO]   Encrypting JavaScript files: C:\ProgramData\Titanium\mobilesdk\win32\5.1.1.GA\android\titanium_prep.win32.exe "com.oliverporcel.ConvertionProject" "C:\Users\Oliver\Documents\Appcelerator_Studio_Workspace\ConvertionProject\build\android\assets" "app.js" "lib/common/network.js" "lib/common/utilities.js" "ui/common/convertion/convertion.js" "ui/common/convertion/picker.js" "ui/common/home/dashboard.js" "ti.cloud.js" "_app_props_.json"
[DEBUG]  Adding library C:\ProgramData\Titanium\mobilesdk\win32\5.1.1.GA\android\kroll-v8.jar
[DEBUG]  Adding library C:\ProgramData\Titanium\mobilesdk\win32\5.1.1.GA\android\modules\titanium-analytics.jar
[DEBUG]  Adding dependency library C:\ProgramData\Titanium\mobilesdk\win32\5.1.1.GA\android\aps-analytics.jar
[DEBUG]  Adding library C:\ProgramData\Titanium\mobilesdk\win32\5.1.1.GA\android\modules\titanium-android.jar
[DEBUG]  Adding dependency library C:\ProgramData\Titanium\mobilesdk\win32\5.1.1.GA\android\jaxen-1.1.1.jar
[DEBUG]  Adding dependency library C:\ProgramData\Titanium\mobilesdk\win32\5.1.1.GA\android\ti-commons-codec-1.3.jar
[DEBUG]  Adding dependency library C:\ProgramData\Titanium\mobilesdk\win32\5.1.1.GA\android\kroll-common.jar
[DEBUG]  Adding dependency library C:\ProgramData\Titanium\mobilesdk\win32\5.1.1.GA\android\titanium.jar
[DEBUG]  Adding library C:\ProgramData\Titanium\mobilesdk\win32\5.1.1.GA\android\modules\titanium-app.jar
[DEBUG]  Adding library C:\ProgramData\Titanium\mobilesdk\win32\5.1.1.GA\android\modules\titanium-ui.jar
[DEBUG]  Adding dependency library C:\ProgramData\Titanium\mobilesdk\win32\5.1.1.GA\android\nineoldandroids-appc-2.4.0.jar
[DEBUG]  Adding library C:\ProgramData\Titanium\mobilesdk\win32\5.1.1.GA\android\modules\titanium-filesystem.jar
[DEBUG]  Adding library C:\ProgramData\Titanium\mobilesdk\win32\5.1.1.GA\android\modules\titanium-media.jar
[DEBUG]  Adding library C:\ProgramData\Titanium\mobilesdk\win32\5.1.1.GA\android\modules\titanium-appcompat.jar
[DEBUG]  Adding dependency library C:\ProgramData\Titanium\mobilesdk\win32\5.1.1.GA\android\android-support-v4.jar
[DEBUG]  Adding dependency library C:\ProgramData\Titanium\mobilesdk\win32\5.1.1.GA\android\android-support-v7-appcompat.jar
[DEBUG]  Adding library C:\ProgramData\Titanium\mobilesdk\win32\5.1.1.GA\android\modules\titanium-cardview.jar
[DEBUG]  Adding dependency library C:\ProgramData\Titanium\mobilesdk\win32\5.1.1.GA\android\cardview-v7-23.0.1.jar
[DEBUG]  Adding library C:\ProgramData\Titanium\mobilesdk\win32\5.1.1.GA\android\modules\titanium-locale.jar
[DEBUG]  Adding library C:\ProgramData\Titanium\mobilesdk\win32\5.1.1.GA\android\modules\titanium-network.jar
[DEBUG]  Adding library C:\ProgramData\Titanium\mobilesdk\win32\5.1.1.GA\android\modules\titanium-xml.jar
[DEBUG]  Adding library C:\ProgramData\Titanium\mobilesdk\win32\5.1.1.GA\android\modules\titanium-utils.jar
[DEBUG]  Adding library C:\ProgramData\Titanium\mobilesdk\win32\5.1.1.GA\android\modules\titanium-geolocation.jar
[DEBUG]  Adding library C:\ProgramData\Titanium\mobilesdk\win32\5.1.1.GA\android\modules\titanium-accelerometer.jar
[DEBUG]  Adding library C:\ProgramData\Titanium\mobilesdk\win32\5.1.1.GA\android\modules\titanium-contacts.jar
[DEBUG]  Adding library C:\ProgramData\Titanium\mobilesdk\win32\5.1.1.GA\android\modules\titanium-map.jar
[DEBUG]  Adding library C:\ProgramData\Titanium\mobilesdk\win32\5.1.1.GA\android\modules\titanium-calendar.jar
[DEBUG]  Adding library C:\ProgramData\Titanium\mobilesdk\win32\5.1.1.GA\android\modules\titanium-gesture.jar
[DEBUG]  Adding library C:\ProgramData\Titanium\mobilesdk\win32\5.1.1.GA\android\modules\titanium-platform.jar
[DEBUG]  Adding library C:\ProgramData\Titanium\mobilesdk\win32\5.1.1.GA\android\modules\titanium-database.jar
[DEBUG]  Unknown namespace stream, skipping
[DEBUG]  Unknown namespace api, skipping
[DEBUG]  Unknown namespace ui.iphone.statusbar, skipping
[DEBUG]  Unknown namespace ui.iphone, skipping
[DEBUG]  Unknown namespace ui.ios, skipping
[DEBUG]  Unknown namespace app.deploytype, skipping
[INFO]   Writing C:\Users\Oliver\Documents\Appcelerator_Studio_Workspace\ConvertionProject\build\android\bin\assets\app.json
[INFO]   Extracting module resources: C:\ProgramData\Titanium\mobilesdk\win32\5.1.1.GA\android\modules\titanium-analytics.res.zip
[DEBUG]  Copying C:\Users\Oliver\AppData\Local\Temp\1151121-10956-148csu8\res\values\strings.xml => C:\Users\Oliver\Documents\Appcelerator_Studio_Workspace\ConvertionProject\build\android\res\values\strings.xml
[INFO]   Extracting module resources: C:\ProgramData\Titanium\mobilesdk\win32\5.1.1.GA\android\modules\titanium-android.res.zip
[DEBUG]  Merging C:\Users\Oliver\AppData\Local\Temp\1151121-10956-1m1rc0g\res\values\strings.xml => C:\Users\Oliver\Documents\Appcelerator_Studio_Workspace\ConvertionProject\build\android\res\values\strings.xml
[INFO]   Extracting module resources: C:\ProgramData\Titanium\mobilesdk\win32\5.1.1.GA\android\modules\titanium-app.res.zip
[DEBUG]  Merging C:\Users\Oliver\AppData\Local\Temp\1151121-10956-stps5k\res\values\strings.xml => C:\Users\Oliver\Documents\Appcelerator_Studio_Workspace\ConvertionProject\build\android\res\values\strings.xml
[INFO]   Extracting module resources: C:\ProgramData\Titanium\mobilesdk\win32\5.1.1.GA\android\modules\titanium-filesystem.res.zip
[DEBUG]  Merging C:\Users\Oliver\AppData\Local\Temp\1151121-10956-12xvu96\res\values\strings.xml => C:\Users\Oliver\Documents\Appcelerator_Studio_Workspace\ConvertionProject\build\android\res\values\strings.xml
[INFO]   Extracting module resources: C:\ProgramData\Titanium\mobilesdk\win32\5.1.1.GA\android\modules\titanium-media.res.zip
[DEBUG]  Merging C:\Users\Oliver\AppData\Local\Temp\1151121-10956-1dh3p61\res\values\strings.xml => C:\Users\Oliver\Documents\Appcelerator_Studio_Workspace\ConvertionProject\build\android\res\values\strings.xml
[INFO]   Extracting module resources: C:\ProgramData\Titanium\mobilesdk\win32\5.1.1.GA\android\modules\titanium-locale.res.zip
[DEBUG]  Merging C:\Users\Oliver\AppData\Local\Temp\1151121-10956-18etl2k\res\values\strings.xml => C:\Users\Oliver\Documents\Appcelerator_Studio_Workspace\ConvertionProject\build\android\res\values\strings.xml
[INFO]   Extracting module resources: C:\ProgramData\Titanium\mobilesdk\win32\5.1.1.GA\android\modules\titanium-network.res.zip
[DEBUG]  Merging C:\Users\Oliver\AppData\Local\Temp\1151121-10956-jwz4c6\res\values\strings.xml => C:\Users\Oliver\Documents\Appcelerator_Studio_Workspace\ConvertionProject\build\android\res\values\strings.xml
[INFO]   Extracting module resources: C:\ProgramData\Titanium\mobilesdk\win32\5.1.1.GA\android\modules\titanium-xml.res.zip
[DEBUG]  Merging C:\Users\Oliver\AppData\Local\Temp\1151121-10956-13yp72w\res\values\strings.xml => C:\Users\Oliver\Documents\Appcelerator_Studio_Workspace\ConvertionProject\build\android\res\values\strings.xml
[INFO]   Extracting module resources: C:\ProgramData\Titanium\mobilesdk\win32\5.1.1.GA\android\modules\titanium-utils.res.zip
[DEBUG]  Merging C:\Users\Oliver\AppData\Local\Temp\1151121-10956-1pvx3g5\res\values\strings.xml => C:\Users\Oliver\Documents\Appcelerator_Studio_Workspace\ConvertionProject\build\android\res\values\strings.xml
[INFO]   Extracting module resources: C:\ProgramData\Titanium\mobilesdk\win32\5.1.1.GA\android\modules\titanium-geolocation.res.zip
[DEBUG]  Merging C:\Users\Oliver\AppData\Local\Temp\1151121-10956-1f56spu\res\values\strings.xml => C:\Users\Oliver\Documents\Appcelerator_Studio_Workspace\ConvertionProject\build\android\res\values\strings.xml
[INFO]   Extracting module resources: C:\ProgramData\Titanium\mobilesdk\win32\5.1.1.GA\android\modules\titanium-accelerometer.res.zip
[DEBUG]  Merging C:\Users\Oliver\AppData\Local\Temp\1151121-10956-7e33kt\res\values\strings.xml => C:\Users\Oliver\Documents\Appcelerator_Studio_Workspace\ConvertionProject\build\android\res\values\strings.xml
[INFO]   Extracting module resources: C:\ProgramData\Titanium\mobilesdk\win32\5.1.1.GA\android\modules\titanium-contacts.res.zip
[DEBUG]  Merging C:\Users\Oliver\AppData\Local\Temp\1151121-10956-zk4fe8\res\values\strings.xml => C:\Users\Oliver\Documents\Appcelerator_Studio_Workspace\ConvertionProject\build\android\res\values\strings.xml
[INFO]   Extracting module resources: C:\ProgramData\Titanium\mobilesdk\win32\5.1.1.GA\android\modules\titanium-map.res.zip
[DEBUG]  Merging C:\Users\Oliver\AppData\Local\Temp\1151121-10956-1cfvlw8\res\values\strings.xml => C:\Users\Oliver\Documents\Appcelerator_Studio_Workspace\ConvertionProject\build\android\res\values\strings.xml
[INFO]   Extracting module resources: C:\ProgramData\Titanium\mobilesdk\win32\5.1.1.GA\android\modules\titanium-calendar.res.zip
[DEBUG]  Merging C:\Users\Oliver\AppData\Local\Temp\1151121-10956-17m3qhy\res\values\strings.xml => C:\Users\Oliver\Documents\Appcelerator_Studio_Workspace\ConvertionProject\build\android\res\values\strings.xml
[INFO]   Extracting module resources: C:\ProgramData\Titanium\mobilesdk\win32\5.1.1.GA\android\modules\titanium-gesture.res.zip
[DEBUG]  Merging C:\Users\Oliver\AppData\Local\Temp\1151121-10956-4eha0r\res\values\strings.xml => C:\Users\Oliver\Documents\Appcelerator_Studio_Workspace\ConvertionProject\build\android\res\values\strings.xml
[INFO]   Extracting module resources: C:\ProgramData\Titanium\mobilesdk\win32\5.1.1.GA\android\modules\titanium-platform.res.zip
[DEBUG]  Merging C:\Users\Oliver\AppData\Local\Temp\1151121-10956-xqbmwg\res\values\strings.xml => C:\Users\Oliver\Documents\Appcelerator_Studio_Workspace\ConvertionProject\build\android\res\values\strings.xml
[INFO]   Extracting module resources: C:\ProgramData\Titanium\mobilesdk\win32\5.1.1.GA\android\modules\titanium-database.res.zip
[DEBUG]  Merging C:\Users\Oliver\AppData\Local\Temp\1151121-10956-kwslyy\res\values\strings.xml => C:\Users\Oliver\Documents\Appcelerator_Studio_Workspace\ConvertionProject\build\android\res\values\strings.xml
[DEBUG]  Removing old file: C:\Users\Oliver\Documents\Appcelerator_Studio_Workspace\ConvertionProject\build\android\.classpath
[DEBUG]  Removing old file: C:\Users\Oliver\Documents\Appcelerator_Studio_Workspace\ConvertionProject\build\android\.gitignore
[DEBUG]  Removing old file: C:\Users\Oliver\Documents\Appcelerator_Studio_Workspace\ConvertionProject\build\android\.project
[DEBUG]  Removing old file: C:\Users\Oliver\Documents\Appcelerator_Studio_Workspace\ConvertionProject\build\android\AndroidManifest.xml
[DEBUG]  Removing old file: C:\Users\Oliver\Documents\Appcelerator_Studio_Workspace\ConvertionProject\build\android\default.properties
[DEBUG]  Removing old file: C:\Users\Oliver\Documents\Appcelerator_Studio_Workspace\ConvertionProject\build\android\java-sources.txt
[DEBUG]  Copying template C:\ProgramData\Titanium\mobilesdk\win32\5.1.1.GA\android\templates\build\AppInfo.java => C:\Users\Oliver\Documents\Appcelerator_Studio_Workspace\ConvertionProject\build\android\gen\com\oliverporcel\ConvertionProject\ConvertionprojectAppInfo.java
[DEBUG]  Copying template C:\ProgramData\Titanium\mobilesdk\win32\5.1.1.GA\android\templates\build\App.java => C:\Users\Oliver\Documents\Appcelerator_Studio_Workspace\ConvertionProject\build\android\gen\com\oliverporcel\ConvertionProject\ConvertionprojectApplication.java
[DEBUG]  Copying template C:\ProgramData\Titanium\mobilesdk\win32\5.1.1.GA\android\templates\build\Activity.java => C:\Users\Oliver\Documents\Appcelerator_Studio_Workspace\ConvertionProject\build\android\gen\com\oliverporcel\ConvertionProject\ConvertionprojectActivity.java
[DEBUG]  Copying template C:\ProgramData\Titanium\mobilesdk\win32\5.1.1.GA\android\templates\build\project => C:\Users\Oliver\Documents\Appcelerator_Studio_Workspace\ConvertionProject\build\android\.project
[DEBUG]  Copying template C:\ProgramData\Titanium\mobilesdk\win32\5.1.1.GA\android\templates\build\default.properties => C:\Users\Oliver\Documents\Appcelerator_Studio_Workspace\ConvertionProject\build\android\default.properties
[DEBUG]  Copiando C:\ProgramData\Titanium\mobilesdk\win32\5.1.1.GA\android\templates\build\gitignore => C:\Users\Oliver\Documents\Appcelerator_Studio_Workspace\ConvertionProject\build\android\.gitignore
[DEBUG]  Copiando C:\ProgramData\Titanium\mobilesdk\win32\5.1.1.GA\android\templates\build\classpath => C:\Users\Oliver\Documents\Appcelerator_Studio_Workspace\ConvertionProject\build\android\.classpath
[INFO]   No aidl files to compile, continuing
[INFO]   Generating i18n files
[DEBUG]  Merging en strings => C:\Users\Oliver\Documents\Appcelerator_Studio_Workspace\ConvertionProject\build\android\res\values\strings.xml
[INFO]   Generating C:\Users\Oliver\Documents\Appcelerator_Studio_Workspace\ConvertionProject\build\android\res\values\theme.xml
[INFO]   Packaging application: C:\Android\android-sdk\build-tools\23.0.2\aapt.exe "package" "-f" "-m" "-J" "C:\Users\Oliver\Documents\Appcelerator_Studio_Workspace\ConvertionProject\build\android\gen" "-M" "C:\Users\Oliver\Documents\Appcelerator_Studio_Workspace\ConvertionProject\build\android\AndroidManifest.xml" "-A" "C:\Users\Oliver\Documents\Appcelerator_Studio_Workspace\ConvertionProject\build\android\bin\assets" "-S" "C:\Users\Oliver\Documents\Appcelerator_Studio_Workspace\ConvertionProject\build\android\res" "-I" "C:\Android\android-sdk\platforms\android-23\android.jar" "-F" "C:\Users\Oliver\Documents\Appcelerator_Studio_Workspace\ConvertionProject\build\android\bin\app.ap_" "--auto-add-overlay" "--extra-packages" "ti.modules.titanium.ui:android.support.v7.appcompat:android.support.v7.cardview" "-S" "C:\Users\Oliver\AppData\Local\Temp\1151121-10956-y5ymwm/res" "-S" "C:\Users\Oliver\AppData\Local\Temp\1151121-10956-bwh0ke/res" "-S" "C:\Users\Oliver\AppData\Local\Temp\1151121-10956-1rug0mt/res"
[INFO]   Building Java source files: C:\Program Files (x86)\Java\jdk1.7.0_80\bin\javac.exe "-J-Xmx1024M" "-encoding" "utf8" "-bootclasspath" "C:\Android\android-sdk\platforms\android-23\android.jar;C:\ProgramData\Titanium\mobilesdk\win32\5.1.1.GA\android\kroll-v8.jar;C:\ProgramData\Titanium\mobilesdk\win32\5.1.1.GA\android\modules\titanium-analytics.jar;C:\ProgramData\Titanium\mobilesdk\win32\5.1.1.GA\android\aps-analytics.jar;C:\ProgramData\Titanium\mobilesdk\win32\5.1.1.GA\android\modules\titanium-android.jar;C:\ProgramData\Titanium\mobilesdk\win32\5.1.1.GA\android\jaxen-1.1.1.jar;C:\ProgramData\Titanium\mobilesdk\win32\5.1.1.GA\android\ti-commons-codec-1.3.jar;C:\ProgramData\Titanium\mobilesdk\win32\5.1.1.GA\android\kroll-common.jar;C:\ProgramData\Titanium\mobilesdk\win32\5.1.1.GA\android\titanium.jar;C:\ProgramData\Titanium\mobilesdk\win32\5.1.1.GA\android\modules\titanium-app.jar;C:\ProgramData\Titanium\mobilesdk\win32\5.1.1.GA\android\modules\titanium-ui.jar;C:\ProgramData\Titanium\mobilesdk\win32\5.1.1.GA\android\nineoldandroids-appc-2.4.0.jar;C:\ProgramData\Titanium\mobilesdk\win32\5.1.1.GA\android\modules\titanium-filesystem.jar;C:\ProgramData\Titanium\mobilesdk\win32\5.1.1.GA\android\modules\titanium-media.jar;C:\ProgramData\Titanium\mobilesdk\win32\5.1.1.GA\android\modules\titanium-appcompat.jar;C:\ProgramData\Titanium\mobilesdk\win32\5.1.1.GA\android\android-support-v4.jar;C:\ProgramData\Titanium\mobilesdk\win32\5.1.1.GA\android\android-support-v7-appcompat.jar;C:\ProgramData\Titanium\mobilesdk\win32\5.1.1.GA\android\modules\titanium-cardview.jar;C:\ProgramData\Titanium\mobilesdk\win32\5.1.1.GA\android\cardview-v7-23.0.1.jar;C:\ProgramData\Titanium\mobilesdk\win32\5.1.1.GA\android\modules\titanium-locale.jar;C:\ProgramData\Titanium\mobilesdk\win32\5.1.1.GA\android\modules\titanium-network.jar;C:\ProgramData\Titanium\mobilesdk\win32\5.1.1.GA\android\modules\titanium-xml.jar;C:\ProgramData\Titanium\mobilesdk\win32\5.1.1.GA\android\modules\titanium-utils.jar;C:\ProgramData\Titanium\mobilesdk\win32\5.1.1.GA\android\modules\titanium-geolocation.jar;C:\ProgramData\Titanium\mobilesdk\win32\5.1.1.GA\android\modules\titanium-accelerometer.jar;C:\ProgramData\Titanium\mobilesdk\win32\5.1.1.GA\android\modules\titanium-contacts.jar;C:\ProgramData\Titanium\mobilesdk\win32\5.1.1.GA\android\modules\titanium-map.jar;C:\ProgramData\Titanium\mobilesdk\win32\5.1.1.GA\android\modules\titanium-calendar.jar;C:\ProgramData\Titanium\mobilesdk\win32\5.1.1.GA\android\modules\titanium-gesture.jar;C:\ProgramData\Titanium\mobilesdk\win32\5.1.1.GA\android\modules\titanium-platform.jar;C:\ProgramData\Titanium\mobilesdk\win32\5.1.1.GA\android\modules\titanium-database.jar;C:\Users\Oliver\Documents\Appcelerator_Studio_Workspace\ConvertionProject\modules\android\com.alcoapps.actionbarextras\1.6.8\actionbarextras.jar;C:\ProgramData\Titanium\mobilesdk\win32\5.1.1.GA\android\kroll-apt.jar;C:\ProgramData\Titanium\mobilesdk\win32\5.1.1.GA\android\lib\titanium-verify.jar;R.class;AssetCryptImpl.class;ConvertionprojectActivity.class;ConvertionprojectAppInfo.class;ConvertionprojectApplication.class" "-d" "C:\Users\Oliver\Documents\Appcelerator_Studio_Workspace\ConvertionProject\build\android\bin\classes" "-proc:none" "-target" "1.6" "-source" "1.6" "@C:\Users\Oliver\Documents\Appcelerator_Studio_Workspace\ConvertionProject\build\android\java-sources.txt"
[INFO]   Running dexer: C:\Program Files (x86)\Java\jdk1.7.0_80\bin\java.exe "-Xmx1024M" "-XX:-UseGCOverheadLimit" "-Djava.ext.dirs=C:\Android\android-sdk\platform-tools" "-jar" "C:\Android\android-sdk\build-tools\23.0.2\lib\dx.jar" "--dex" "--output=C:\Users\Oliver\Documents\Appcelerator_Studio_Workspace\ConvertionProject\build\android\bin\classes.dex" "C:\Users\Oliver\Documents\Appcelerator_Studio_Workspace\ConvertionProject\build\android\bin\classes" "C:\ProgramData\Titanium\mobilesdk\win32\5.1.1.GA\android\lib\titanium-verify.jar" "C:\Users\Oliver\Documents\Appcelerator_Studio_Workspace\ConvertionProject\modules\android\com.alcoapps.actionbarextras\1.6.8\actionbarextras.jar" "C:\ProgramData\Titanium\mobilesdk\win32\5.1.1.GA\android\kroll-v8.jar" "C:\ProgramData\Titanium\mobilesdk\win32\5.1.1.GA\android\modules\titanium-analytics.jar" "C:\ProgramData\Titanium\mobilesdk\win32\5.1.1.GA\android\aps-analytics.jar" "C:\ProgramData\Titanium\mobilesdk\win32\5.1.1.GA\android\modules\titanium-android.jar" "C:\ProgramData\Titanium\mobilesdk\win32\5.1.1.GA\android\jaxen-1.1.1.jar" "C:\ProgramData\Titanium\mobilesdk\win32\5.1.1.GA\android\ti-commons-codec-1.3.jar" "C:\ProgramData\Titanium\mobilesdk\win32\5.1.1.GA\android\kroll-common.jar" "C:\ProgramData\Titanium\mobilesdk\win32\5.1.1.GA\android\titanium.jar" "C:\ProgramData\Titanium\mobilesdk\win32\5.1.1.GA\android\modules\titanium-app.jar" "C:\ProgramData\Titanium\mobilesdk\win32\5.1.1.GA\android\modules\titanium-ui.jar" "C:\ProgramData\Titanium\mobilesdk\win32\5.1.1.GA\android\nineoldandroids-appc-2.4.0.jar" "C:\ProgramData\Titanium\mobilesdk\win32\5.1.1.GA\android\modules\titanium-filesystem.jar" "C:\ProgramData\Titanium\mobilesdk\win32\5.1.1.GA\android\modules\titanium-media.jar" "C:\ProgramData\Titanium\mobilesdk\win32\5.1.1.GA\android\modules\titanium-appcompat.jar" "C:\ProgramData\Titanium\mobilesdk\win32\5.1.1.GA\android\android-support-v4.jar" "C:\ProgramData\Titanium\mobilesdk\win32\5.1.1.GA\android\android-support-v7-appcompat.jar" "C:\ProgramData\Titanium\mobilesdk\win32\5.1.1.GA\android\modules\titanium-cardview.jar" "C:\ProgramData\Titanium\mobilesdk\win32\5.1.1.GA\android\cardview-v7-23.0.1.jar" "C:\ProgramData\Titanium\mobilesdk\win32\5.1.1.GA\android\modules\titanium-locale.jar" "C:\ProgramData\Titanium\mobilesdk\win32\5.1.1.GA\android\modules\titanium-network.jar" "C:\ProgramData\Titanium\mobilesdk\win32\5.1.1.GA\android\modules\titanium-xml.jar" "C:\ProgramData\Titanium\mobilesdk\win32\5.1.1.GA\android\modules\titanium-utils.jar" "C:\ProgramData\Titanium\mobilesdk\win32\5.1.1.GA\android\modules\titanium-geolocation.jar" "C:\ProgramData\Titanium\mobilesdk\win32\5.1.1.GA\android\modules\titanium-accelerometer.jar" "C:\ProgramData\Titanium\mobilesdk\win32\5.1.1.GA\android\modules\titanium-contacts.jar" "C:\ProgramData\Titanium\mobilesdk\win32\5.1.1.GA\android\modules\titanium-map.jar" "C:\ProgramData\Titanium\mobilesdk\win32\5.1.1.GA\android\modules\titanium-calendar.jar" "C:\ProgramData\Titanium\mobilesdk\win32\5.1.1.GA\android\modules\titanium-gesture.jar" "C:\ProgramData\Titanium\mobilesdk\win32\5.1.1.GA\android\modules\titanium-platform.jar" "C:\ProgramData\Titanium\mobilesdk\win32\5.1.1.GA\android\modules\titanium-database.jar"
[INFO]   Creating unsigned apk
[DEBUG]  Processing C:\Users\Oliver\Documents\Appcelerator_Studio_Workspace\ConvertionProject\build\android\bin\app.ap_
[DEBUG]  Deflating AndroidManifest.xml
[DEBUG]  Adding assets/Resources/KS_nav_ui.png
[DEBUG]  Adding assets/Resources/KS_nav_views.png
[DEBUG]  Adding assets/Resources/appicon.png
[DEBUG]  Adding assets/Resources/iConvert-icon.png
[DEBUG]  Adding assets/Resources/images/longitud.png
[DEBUG]  Adding assets/Resources/images/moneda.png
[DEBUG]  Adding assets/Resources/images/monedas.png
[DEBUG]  Deflating assets/app.json
[DEBUG]  Deflating assets/index.json
[DEBUG]  Deflating res/anim/abc_fade_in.xml
[DEBUG]  Deflating res/anim/abc_fade_out.xml
[DEBUG]  Deflating res/anim/abc_grow_fade_in_from_bottom.xml
[DEBUG]  Deflating res/anim/abc_popup_enter.xml
[DEBUG]  Deflating res/anim/abc_popup_exit.xml
[DEBUG]  Deflating res/anim/abc_shrink_fade_out_from_bottom.xml
[DEBUG]  Deflating res/anim/abc_slide_in_bottom.xml
[DEBUG]  Deflating res/anim/abc_slide_in_top.xml
[DEBUG]  Deflating res/anim/abc_slide_out_bottom.xml
[DEBUG]  Deflating res/anim/abc_slide_out_top.xml
[DEBUG]  Deflating res/color-v11/abc_background_cache_hint_selector_material_dark.xml
[DEBUG]  Deflating res/color-v11/abc_background_cache_hint_selector_material_light.xml
[DEBUG]  Deflating res/color-v23/abc_color_highlight_material.xml
[DEBUG]  Deflating res/color/abc_background_cache_hint_selector_material_dark.xml
[DEBUG]  Deflating res/color/abc_background_cache_hint_selector_material_light.xml
[DEBUG]  Deflating res/color/abc_primary_text_disable_only_material_dark.xml
[DEBUG]  Deflating res/color/abc_primary_text_disable_only_material_light.xml
[DEBUG]  Deflating res/color/abc_primary_text_material_dark.xml
[DEBUG]  Deflating res/color/abc_primary_text_material_light.xml
[DEBUG]  Deflating res/color/abc_search_url_text.xml
[DEBUG]  Deflating res/color/abc_secondary_text_material_dark.xml
[DEBUG]  Deflating res/color/abc_secondary_text_material_light.xml
[DEBUG]  Deflating res/color/switch_thumb_material_dark.xml
[DEBUG]  Deflating res/color/switch_thumb_material_light.xml
[DEBUG]  Adding res/drawable-hdpi-v4/abc_ab_share_pack_mtrl_alpha.9.png
[DEBUG]  Adding res/drawable-hdpi-v4/abc_btn_check_to_on_mtrl_000.png
[DEBUG]  Adding res/drawable-hdpi-v4/abc_btn_check_to_on_mtrl_015.png
[DEBUG]  Adding res/drawable-hdpi-v4/abc_btn_radio_to_on_mtrl_000.png
[DEBUG]  Adding res/drawable-hdpi-v4/abc_btn_radio_to_on_mtrl_015.png
[DEBUG]  Adding res/drawable-hdpi-v4/abc_btn_rating_star_off_mtrl_alpha.png
[DEBUG]  Adding res/drawable-hdpi-v4/abc_btn_rating_star_on_mtrl_alpha.png
[DEBUG]  Adding res/drawable-hdpi-v4/abc_btn_switch_to_on_mtrl_00001.9.png
[DEBUG]  Adding res/drawable-hdpi-v4/abc_btn_switch_to_on_mtrl_00012.9.png
[DEBUG]  Adding res/drawable-hdpi-v4/abc_cab_background_top_mtrl_alpha.9.png
[DEBUG]  Adding res/drawable-hdpi-v4/abc_ic_ab_back_mtrl_am_alpha.png
[DEBUG]  Adding res/drawable-hdpi-v4/abc_ic_clear_mtrl_alpha.png
[DEBUG]  Adding res/drawable-hdpi-v4/abc_ic_commit_search_api_mtrl_alpha.png
[DEBUG]  Adding res/drawable-hdpi-v4/abc_ic_go_search_api_mtrl_alpha.png
[DEBUG]  Adding res/drawable-hdpi-v4/abc_ic_menu_copy_mtrl_am_alpha.png
[DEBUG]  Adding res/drawable-hdpi-v4/abc_ic_menu_cut_mtrl_alpha.png
[DEBUG]  Adding res/drawable-hdpi-v4/abc_ic_menu_moreoverflow_mtrl_alpha.png
[DEBUG]  Adding res/drawable-hdpi-v4/abc_ic_menu_paste_mtrl_am_alpha.png
[DEBUG]  Adding res/drawable-hdpi-v4/abc_ic_menu_selectall_mtrl_alpha.png
[DEBUG]  Adding res/drawable-hdpi-v4/abc_ic_menu_share_mtrl_alpha.png
[DEBUG]  Adding res/drawable-hdpi-v4/abc_ic_search_api_mtrl_alpha.png
[DEBUG]  Adding res/drawable-hdpi-v4/abc_ic_voice_search_api_mtrl_alpha.png
[DEBUG]  Adding res/drawable-hdpi-v4/abc_list_divider_mtrl_alpha.9.png
[DEBUG]  Adding res/drawable-hdpi-v4/abc_list_focused_holo.9.png
[DEBUG]  Adding res/drawable-hdpi-v4/abc_list_longpressed_holo.9.png
[DEBUG]  Adding res/drawable-hdpi-v4/abc_list_pressed_holo_dark.9.png
[DEBUG]  Adding res/drawable-hdpi-v4/abc_list_pressed_holo_light.9.png
[DEBUG]  Adding res/drawable-hdpi-v4/abc_list_selector_disabled_holo_dark.9.png
[DEBUG]  Adding res/drawable-hdpi-v4/abc_list_selector_disabled_holo_light.9.png
[DEBUG]  Adding res/drawable-hdpi-v4/abc_menu_hardkey_panel_mtrl_mult.9.png
[DEBUG]  Adding res/drawable-hdpi-v4/abc_popup_background_mtrl_mult.9.png
[DEBUG]  Adding res/drawable-hdpi-v4/abc_spinner_mtrl_am_alpha.9.png
[DEBUG]  Adding res/drawable-hdpi-v4/abc_switch_track_mtrl_alpha.9.png
[DEBUG]  Adding res/drawable-hdpi-v4/abc_tab_indicator_mtrl_alpha.9.png
[DEBUG]  Adding res/drawable-hdpi-v4/abc_textfield_activated_mtrl_alpha.9.png
[DEBUG]  Adding res/drawable-hdpi-v4/abc_textfield_default_mtrl_alpha.9.png
[DEBUG]  Adding res/drawable-hdpi-v4/abc_textfield_search_activated_mtrl_alpha.9.png
[DEBUG]  Adding res/drawable-hdpi-v4/abc_textfield_search_default_mtrl_alpha.9.png
[DEBUG]  Adding res/drawable-ldrtl-hdpi-v4/abc_ic_ab_back_mtrl_am_alpha.png
[DEBUG]  Adding res/drawable-ldrtl-hdpi-v4/abc_ic_menu_copy_mtrl_am_alpha.png
[DEBUG]  Adding res/drawable-ldrtl-hdpi-v4/abc_ic_menu_cut_mtrl_alpha.png
[DEBUG]  Adding res/drawable-ldrtl-hdpi-v4/abc_spinner_mtrl_am_alpha.9.png
[DEBUG]  Adding res/drawable-ldrtl-mdpi-v4/abc_ic_ab_back_mtrl_am_alpha.png
[DEBUG]  Adding res/drawable-ldrtl-mdpi-v4/abc_ic_menu_copy_mtrl_am_alpha.png
[DEBUG]  Adding res/drawable-ldrtl-mdpi-v4/abc_ic_menu_cut_mtrl_alpha.png
[DEBUG]  Adding res/drawable-ldrtl-mdpi-v4/abc_spinner_mtrl_am_alpha.9.png
[DEBUG]  Adding res/drawable-ldrtl-xhdpi-v4/abc_ic_ab_back_mtrl_am_alpha.png
[DEBUG]  Adding res/drawable-ldrtl-xhdpi-v4/abc_ic_menu_copy_mtrl_am_alpha.png
[DEBUG]  Adding res/drawable-ldrtl-xhdpi-v4/abc_ic_menu_cut_mtrl_alpha.png
[DEBUG]  Adding res/drawable-ldrtl-xhdpi-v4/abc_spinner_mtrl_am_alpha.9.png
[DEBUG]  Adding res/drawable-ldrtl-xxhdpi-v4/abc_ic_ab_back_mtrl_am_alpha.png
[DEBUG]  Adding res/drawable-ldrtl-xxhdpi-v4/abc_ic_menu_copy_mtrl_am_alpha.png
[DEBUG]  Adding res/drawable-ldrtl-xxhdpi-v4/abc_ic_menu_cut_mtrl_alpha.png
[DEBUG]  Adding res/drawable-ldrtl-xxhdpi-v4/abc_spinner_mtrl_am_alpha.9.png
[DEBUG]  Adding res/drawable-ldrtl-xxxhdpi-v4/abc_ic_ab_back_mtrl_am_alpha.png
[DEBUG]  Adding res/drawable-ldrtl-xxxhdpi-v4/abc_ic_menu_copy_mtrl_am_alpha.png
[DEBUG]  Adding res/drawable-ldrtl-xxxhdpi-v4/abc_ic_menu_cut_mtrl_alpha.png
[DEBUG]  Adding res/drawable-ldrtl-xxxhdpi-v4/abc_spinner_mtrl_am_alpha.9.png
[DEBUG]  Adding res/drawable-long-land-hdpi-v4/background.png
[DEBUG]  Adding res/drawable-long-land-ldpi-v4/background.png
[DEBUG]  Adding res/drawable-long-port-hdpi-v4/background.png
[DEBUG]  Adding res/drawable-long-port-ldpi-v4/background.png
[DEBUG]  Adding res/drawable-mdpi-v4/abc_ab_share_pack_mtrl_alpha.9.png
[DEBUG]  Adding res/drawable-mdpi-v4/abc_btn_check_to_on_mtrl_000.png
[DEBUG]  Adding res/drawable-mdpi-v4/abc_btn_check_to_on_mtrl_015.png
[DEBUG]  Adding res/drawable-mdpi-v4/abc_btn_radio_to_on_mtrl_000.png
[DEBUG]  Adding res/drawable-mdpi-v4/abc_btn_radio_to_on_mtrl_015.png
[DEBUG]  Adding res/drawable-mdpi-v4/abc_btn_rating_star_off_mtrl_alpha.png
[DEBUG]  Adding res/drawable-mdpi-v4/abc_btn_rating_star_on_mtrl_alpha.png
[DEBUG]  Adding res/drawable-mdpi-v4/abc_btn_switch_to_on_mtrl_00001.9.png
[DEBUG]  Adding res/drawable-mdpi-v4/abc_btn_switch_to_on_mtrl_00012.9.png
[DEBUG]  Adding res/drawable-mdpi-v4/abc_cab_background_top_mtrl_alpha.9.png
[DEBUG]  Adding res/drawable-mdpi-v4/abc_ic_ab_back_mtrl_am_alpha.png
[DEBUG]  Adding res/drawable-mdpi-v4/abc_ic_clear_mtrl_alpha.png
[DEBUG]  Adding res/drawable-mdpi-v4/abc_ic_commit_search_api_mtrl_alpha.png
[DEBUG]  Adding res/drawable-mdpi-v4/abc_ic_go_search_api_mtrl_alpha.png
[DEBUG]  Adding res/drawable-mdpi-v4/abc_ic_menu_copy_mtrl_am_alpha.png
[DEBUG]  Adding res/drawable-mdpi-v4/abc_ic_menu_cut_mtrl_alpha.png
[DEBUG]  Adding res/drawable-mdpi-v4/abc_ic_menu_moreoverflow_mtrl_alpha.png
[DEBUG]  Adding res/drawable-mdpi-v4/abc_ic_menu_paste_mtrl_am_alpha.png
[DEBUG]  Adding res/drawable-mdpi-v4/abc_ic_menu_selectall_mtrl_alpha.png
[DEBUG]  Adding res/drawable-mdpi-v4/abc_ic_menu_share_mtrl_alpha.png
[DEBUG]  Adding res/drawable-mdpi-v4/abc_ic_search_api_mtrl_alpha.png
[DEBUG]  Adding res/drawable-mdpi-v4/abc_ic_voice_search_api_mtrl_alpha.png
[DEBUG]  Adding res/drawable-mdpi-v4/abc_list_divider_mtrl_alpha.9.png
[DEBUG]  Adding res/drawable-mdpi-v4/abc_list_focused_holo.9.png
[DEBUG]  Adding res/drawable-mdpi-v4/abc_list_longpressed_holo.9.png
[DEBUG]  Adding res/drawable-mdpi-v4/abc_list_pressed_holo_dark.9.png
[DEBUG]  Adding res/drawable-mdpi-v4/abc_list_pressed_holo_light.9.png
[DEBUG]  Adding res/drawable-mdpi-v4/abc_list_selector_disabled_holo_dark.9.png
[DEBUG]  Adding res/drawable-mdpi-v4/abc_list_selector_disabled_holo_light.9.png
[DEBUG]  Adding res/drawable-mdpi-v4/abc_menu_hardkey_panel_mtrl_mult.9.png
[DEBUG]  Adding res/drawable-mdpi-v4/abc_popup_background_mtrl_mult.9.png
[DEBUG]  Adding res/drawable-mdpi-v4/abc_spinner_mtrl_am_alpha.9.png
[DEBUG]  Adding res/drawable-mdpi-v4/abc_switch_track_mtrl_alpha.9.png
[DEBUG]  Adding res/drawable-mdpi-v4/abc_tab_indicator_mtrl_alpha.9.png
[DEBUG]  Adding res/drawable-mdpi-v4/abc_textfield_activated_mtrl_alpha.9.png
[DEBUG]  Adding res/drawable-mdpi-v4/abc_textfield_default_mtrl_alpha.9.png
[DEBUG]  Adding res/drawable-mdpi-v4/abc_textfield_search_activated_mtrl_alpha.9.png
[DEBUG]  Adding res/drawable-mdpi-v4/abc_textfield_search_default_mtrl_alpha.9.png
[DEBUG]  Adding res/drawable-notlong-land-hdpi-v4/background.png
[DEBUG]  Adding res/drawable-notlong-land-ldpi-v4/background.png
[DEBUG]  Adding res/drawable-notlong-land-mdpi-v4/background.png
[DEBUG]  Adding res/drawable-notlong-port-hdpi-v4/background.png
[DEBUG]  Adding res/drawable-notlong-port-ldpi-v4/background.png
[DEBUG]  Deflating res/drawable-v21/abc_action_bar_item_background_material.xml
[DEBUG]  Deflating res/drawable-v21/abc_btn_colored_material.xml
[DEBUG]  Deflating res/drawable-v23/abc_control_background_material.xml
[DEBUG]  Adding res/drawable-xhdpi-v4/abc_ab_share_pack_mtrl_alpha.9.png
[DEBUG]  Adding res/drawable-xhdpi-v4/abc_btn_check_to_on_mtrl_000.png
[DEBUG]  Adding res/drawable-xhdpi-v4/abc_btn_check_to_on_mtrl_015.png
[DEBUG]  Adding res/drawable-xhdpi-v4/abc_btn_radio_to_on_mtrl_000.png
[DEBUG]  Adding res/drawable-xhdpi-v4/abc_btn_radio_to_on_mtrl_015.png
[DEBUG]  Adding res/drawable-xhdpi-v4/abc_btn_rating_star_off_mtrl_alpha.png
[DEBUG]  Adding res/drawable-xhdpi-v4/abc_btn_rating_star_on_mtrl_alpha.png
[DEBUG]  Adding res/drawable-xhdpi-v4/abc_btn_switch_to_on_mtrl_00001.9.png
[DEBUG]  Adding res/drawable-xhdpi-v4/abc_btn_switch_to_on_mtrl_00012.9.png
[DEBUG]  Adding res/drawable-xhdpi-v4/abc_cab_background_top_mtrl_alpha.9.png
[DEBUG]  Adding res/drawable-xhdpi-v4/abc_ic_ab_back_mtrl_am_alpha.png
[DEBUG]  Adding res/drawable-xhdpi-v4/abc_ic_clear_mtrl_alpha.png
[DEBUG]  Adding res/drawable-xhdpi-v4/abc_ic_commit_search_api_mtrl_alpha.png
[DEBUG]  Adding res/drawable-xhdpi-v4/abc_ic_go_search_api_mtrl_alpha.png
[DEBUG]  Adding res/drawable-xhdpi-v4/abc_ic_menu_copy_mtrl_am_alpha.png
[DEBUG]  Adding res/drawable-xhdpi-v4/abc_ic_menu_cut_mtrl_alpha.png
[DEBUG]  Adding res/drawable-xhdpi-v4/abc_ic_menu_moreoverflow_mtrl_alpha.png
[DEBUG]  Adding res/drawable-xhdpi-v4/abc_ic_menu_paste_mtrl_am_alpha.png
[DEBUG]  Adding res/drawable-xhdpi-v4/abc_ic_menu_selectall_mtrl_alpha.png
[DEBUG]  Adding res/drawable-xhdpi-v4/abc_ic_menu_share_mtrl_alpha.png
[DEBUG]  Adding res/drawable-xhdpi-v4/abc_ic_search_api_mtrl_alpha.png
[DEBUG]  Adding res/drawable-xhdpi-v4/abc_ic_voice_search_api_mtrl_alpha.png
[DEBUG]  Adding res/drawable-xhdpi-v4/abc_list_divider_mtrl_alpha.9.png
[DEBUG]  Adding res/drawable-xhdpi-v4/abc_list_focused_holo.9.png
[DEBUG]  Adding res/drawable-xhdpi-v4/abc_list_longpressed_holo.9.png
[DEBUG]  Adding res/drawable-xhdpi-v4/abc_list_pressed_holo_dark.9.png
[DEBUG]  Adding res/drawable-xhdpi-v4/abc_list_pressed_holo_light.9.png
[DEBUG]  Adding res/drawable-xhdpi-v4/abc_list_selector_disabled_holo_dark.9.png
[DEBUG]  Adding res/drawable-xhdpi-v4/abc_list_selector_disabled_holo_light.9.png
[DEBUG]  Adding res/drawable-xhdpi-v4/abc_menu_hardkey_panel_mtrl_mult.9.png
[DEBUG]  Adding res/drawable-xhdpi-v4/abc_popup_background_mtrl_mult.9.png
[DEBUG]  Adding res/drawable-xhdpi-v4/abc_spinner_mtrl_am_alpha.9.png
[DEBUG]  Adding res/drawable-xhdpi-v4/abc_switch_track_mtrl_alpha.9.png
[DEBUG]  Adding res/drawable-xhdpi-v4/abc_tab_indicator_mtrl_alpha.9.png
[DEBUG]  Adding res/drawable-xhdpi-v4/abc_textfield_activated_mtrl_alpha.9.png
[DEBUG]  Adding res/drawable-xhdpi-v4/abc_textfield_default_mtrl_alpha.9.png
[DEBUG]  Adding res/drawable-xhdpi-v4/abc_textfield_search_activated_mtrl_alpha.9.png
[DEBUG]  Adding res/drawable-xhdpi-v4/abc_textfield_search_default_mtrl_alpha.9.png
[DEBUG]  Adding res/drawable-xxhdpi-v4/abc_ab_share_pack_mtrl_alpha.9.png
[DEBUG]  Adding res/drawable-xxhdpi-v4/abc_btn_check_to_on_mtrl_000.png
[DEBUG]  Adding res/drawable-xxhdpi-v4/abc_btn_check_to_on_mtrl_015.png
[DEBUG]  Adding res/drawable-xxhdpi-v4/abc_btn_radio_to_on_mtrl_000.png
[DEBUG]  Adding res/drawable-xxhdpi-v4/abc_btn_radio_to_on_mtrl_015.png
[DEBUG]  Adding res/drawable-xxhdpi-v4/abc_btn_rating_star_off_mtrl_alpha.png
[DEBUG]  Adding res/drawable-xxhdpi-v4/abc_btn_rating_star_on_mtrl_alpha.png
[DEBUG]  Adding res/drawable-xxhdpi-v4/abc_btn_switch_to_on_mtrl_00001.9.png
[DEBUG]  Adding res/drawable-xxhdpi-v4/abc_btn_switch_to_on_mtrl_00012.9.png
[DEBUG]  Adding res/drawable-xxhdpi-v4/abc_cab_background_top_mtrl_alpha.9.png
[DEBUG]  Adding res/drawable-xxhdpi-v4/abc_ic_ab_back_mtrl_am_alpha.png
[DEBUG]  Adding res/drawable-xxhdpi-v4/abc_ic_clear_mtrl_alpha.png
[DEBUG]  Adding res/drawable-xxhdpi-v4/abc_ic_commit_search_api_mtrl_alpha.png
[DEBUG]  Adding res/drawable-xxhdpi-v4/abc_ic_go_search_api_mtrl_alpha.png
[DEBUG]  Adding res/drawable-xxhdpi-v4/abc_ic_menu_copy_mtrl_am_alpha.png
[DEBUG]  Adding res/drawable-xxhdpi-v4/abc_ic_menu_cut_mtrl_alpha.png
[DEBUG]  Adding res/drawable-xxhdpi-v4/abc_ic_menu_moreoverflow_mtrl_alpha.png
[DEBUG]  Adding res/drawable-xxhdpi-v4/abc_ic_menu_paste_mtrl_am_alpha.png
[DEBUG]  Adding res/drawable-xxhdpi-v4/abc_ic_menu_selectall_mtrl_alpha.png
[DEBUG]  Adding res/drawable-xxhdpi-v4/abc_ic_menu_share_mtrl_alpha.png
[DEBUG]  Adding res/drawable-xxhdpi-v4/abc_ic_search_api_mtrl_alpha.png
[DEBUG]  Adding res/drawable-xxhdpi-v4/abc_ic_voice_search_api_mtrl_alpha.png
[DEBUG]  Adding res/drawable-xxhdpi-v4/abc_list_divider_mtrl_alpha.9.png
[DEBUG]  Adding res/drawable-xxhdpi-v4/abc_list_focused_holo.9.png
[DEBUG]  Adding res/drawable-xxhdpi-v4/abc_list_longpressed_holo.9.png
[DEBUG]  Adding res/drawable-xxhdpi-v4/abc_list_pressed_holo_dark.9.png
[DEBUG]  Adding res/drawable-xxhdpi-v4/abc_list_pressed_holo_light.9.png
[DEBUG]  Adding res/drawable-xxhdpi-v4/abc_list_selector_disabled_holo_dark.9.png
[DEBUG]  Adding res/drawable-xxhdpi-v4/abc_list_selector_disabled_holo_light.9.png
[DEBUG]  Adding res/drawable-xxhdpi-v4/abc_menu_hardkey_panel_mtrl_mult.9.png
[DEBUG]  Adding res/drawable-xxhdpi-v4/abc_popup_background_mtrl_mult.9.png
[DEBUG]  Adding res/drawable-xxhdpi-v4/abc_spinner_mtrl_am_alpha.9.png
[DEBUG]  Adding res/drawable-xxhdpi-v4/abc_switch_track_mtrl_alpha.9.png
[DEBUG]  Adding res/drawable-xxhdpi-v4/abc_tab_indicator_mtrl_alpha.9.png
[DEBUG]  Adding res/drawable-xxhdpi-v4/abc_textfield_activated_mtrl_alpha.9.png
[DEBUG]  Adding res/drawable-xxhdpi-v4/abc_textfield_default_mtrl_alpha.9.png
[DEBUG]  Adding res/drawable-xxhdpi-v4/abc_textfield_search_activated_mtrl_alpha.9.png
[DEBUG]  Adding res/drawable-xxhdpi-v4/abc_textfield_search_default_mtrl_alpha.9.png
[DEBUG]  Adding res/drawable-xxxhdpi-v4/abc_btn_check_to_on_mtrl_000.png
[DEBUG]  Adding res/drawable-xxxhdpi-v4/abc_btn_check_to_on_mtrl_015.png
[DEBUG]  Adding res/drawable-xxxhdpi-v4/abc_btn_radio_to_on_mtrl_000.png
[DEBUG]  Adding res/drawable-xxxhdpi-v4/abc_btn_radio_to_on_mtrl_015.png
[DEBUG]  Adding res/drawable-xxxhdpi-v4/abc_btn_switch_to_on_mtrl_00001.9.png
[DEBUG]  Adding res/drawable-xxxhdpi-v4/abc_btn_switch_to_on_mtrl_00012.9.png
[DEBUG]  Adding res/drawable-xxxhdpi-v4/abc_ic_ab_back_mtrl_am_alpha.png
[DEBUG]  Adding res/drawable-xxxhdpi-v4/abc_ic_clear_mtrl_alpha.png
[DEBUG]  Adding res/drawable-xxxhdpi-v4/abc_ic_menu_copy_mtrl_am_alpha.png
[DEBUG]  Adding res/drawable-xxxhdpi-v4/abc_ic_menu_cut_mtrl_alpha.png
[DEBUG]  Adding res/drawable-xxxhdpi-v4/abc_ic_menu_moreoverflow_mtrl_alpha.png
[DEBUG]  Adding res/drawable-xxxhdpi-v4/abc_ic_menu_paste_mtrl_am_alpha.png
[DEBUG]  Adding res/drawable-xxxhdpi-v4/abc_ic_menu_selectall_mtrl_alpha.png
[DEBUG]  Adding res/drawable-xxxhdpi-v4/abc_ic_menu_share_mtrl_alpha.png
[DEBUG]  Adding res/drawable-xxxhdpi-v4/abc_ic_search_api_mtrl_alpha.png
[DEBUG]  Adding res/drawable-xxxhdpi-v4/abc_ic_voice_search_api_mtrl_alpha.png
[DEBUG]  Adding res/drawable-xxxhdpi-v4/abc_spinner_mtrl_am_alpha.9.png
[DEBUG]  Adding res/drawable-xxxhdpi-v4/abc_switch_track_mtrl_alpha.9.png
[DEBUG]  Adding res/drawable-xxxhdpi-v4/abc_tab_indicator_mtrl_alpha.9.png
[DEBUG]  Deflating res/drawable/abc_btn_borderless_material.xml
[DEBUG]  Deflating res/drawable/abc_btn_check_material.xml
[DEBUG]  Deflating res/drawable/abc_btn_colored_material.xml
[DEBUG]  Deflating res/drawable/abc_btn_default_mtrl_shape.xml
[DEBUG]  Deflating res/drawable/abc_btn_radio_material.xml
[DEBUG]  Deflating res/drawable/abc_cab_background_internal_bg.xml
[DEBUG]  Deflating res/drawable/abc_cab_background_top_material.xml
[DEBUG]  Deflating res/drawable/abc_dialog_material_background_dark.xml
[DEBUG]  Deflating res/drawable/abc_dialog_material_background_light.xml
[DEBUG]  Deflating res/drawable/abc_edit_text_material.xml
[DEBUG]  Deflating res/drawable/abc_item_background_holo_dark.xml
[DEBUG]  Deflating res/drawable/abc_item_background_holo_light.xml
[DEBUG]  Deflating res/drawable/abc_list_selector_background_transition_holo_dark.xml
[DEBUG]  Deflating res/drawable/abc_list_selector_background_transition_holo_light.xml
[DEBUG]  Deflating res/drawable/abc_list_selector_holo_dark.xml
[DEBUG]  Deflating res/drawable/abc_list_selector_holo_light.xml
[DEBUG]  Deflating res/drawable/abc_ratingbar_full_material.xml
[DEBUG]  Deflating res/drawable/abc_spinner_textfield_background_material.xml
[DEBUG]  Deflating res/drawable/abc_switch_thumb_material.xml
[DEBUG]  Deflating res/drawable/abc_tab_indicator_material.xml
[DEBUG]  Deflating res/drawable/abc_text_cursor_material.xml
[DEBUG]  Deflating res/drawable/abc_textfield_search_material.xml
[DEBUG]  Adding res/drawable/appicon.png
[DEBUG]  Adding res/drawable/background.png
[DEBUG]  Adding res/drawable/btn_check_buttonless_on_64.png
[DEBUG]  Adding res/drawable/btn_more_64.png
[DEBUG]  Adding res/drawable/disclosure_64.png
[DEBUG]  Deflating res/layout-v17/abc_alert_dialog_material.xml
[DEBUG]  Deflating res/layout-v17/abc_dialog_title_material.xml
[DEBUG]  Deflating res/layout-v17/abc_search_view.xml
[DEBUG]  Deflating res/layout-v17/notification_template_big_media.xml
[DEBUG]  Deflating res/layout-v17/notification_template_big_media_narrow.xml
[DEBUG]  Deflating res/layout-v17/notification_template_lines.xml
[DEBUG]  Deflating res/layout-v17/notification_template_media.xml
[DEBUG]  Deflating res/layout-v17/notification_template_part_chronometer.xml
[DEBUG]  Deflating res/layout-v17/notification_template_part_time.xml
[DEBUG]  Deflating res/layout-v21/abc_screen_toolbar.xml
[DEBUG]  Deflating res/layout-v21/titanium_ui_date_picker_spinner.xml
[DEBUG]  Deflating res/layout-v21/titanium_ui_time_picker_spinner.xml
[DEBUG]  Deflating res/layout/abc_action_bar_title_item.xml
[DEBUG]  Deflating res/layout/abc_action_bar_up_container.xml
[DEBUG]  Deflating res/layout/abc_action_bar_view_list_nav_layout.xml
[DEBUG]  Deflating res/layout/abc_action_menu_item_layout.xml
[DEBUG]  Deflating res/layout/abc_action_menu_layout.xml
[DEBUG]  Deflating res/layout/abc_action_mode_bar.xml
[DEBUG]  Deflating res/layout/abc_action_mode_close_item_material.xml
[DEBUG]  Deflating res/layout/abc_activity_chooser_view.xml
[DEBUG]  Deflating res/layout/abc_activity_chooser_view_list_item.xml
[DEBUG]  Deflating res/layout/abc_alert_dialog_material.xml
[DEBUG]  Deflating res/layout/abc_dialog_title_material.xml
[DEBUG]  Deflating res/layout/abc_expanded_menu_layout.xml
[DEBUG]  Deflating res/layout/abc_list_menu_item_checkbox.xml
[DEBUG]  Deflating res/layout/abc_list_menu_item_icon.xml
[DEBUG]  Deflating res/layout/abc_list_menu_item_layout.xml
[DEBUG]  Deflating res/layout/abc_list_menu_item_radio.xml
[DEBUG]  Deflating res/layout/abc_popup_menu_item_layout.xml
[DEBUG]  Deflating res/layout/abc_screen_content_include.xml
[DEBUG]  Deflating res/layout/abc_screen_simple.xml
[DEBUG]  Deflating res/layout/abc_screen_simple_overlay_action_mode.xml
[DEBUG]  Deflating res/layout/abc_screen_toolbar.xml
[DEBUG]  Deflating res/layout/abc_search_dropdown_item_icons_2line.xml
[DEBUG]  Deflating res/layout/abc_search_view.xml
[DEBUG]  Deflating res/layout/abc_select_dialog_material.xml
[DEBUG]  Deflating res/layout/notification_media_action.xml
[DEBUG]  Deflating res/layout/notification_media_cancel_action.xml
[DEBUG]  Deflating res/layout/notification_template_big_media.xml
[DEBUG]  Deflating res/layout/notification_template_big_media_narrow.xml
[DEBUG]  Deflating res/layout/notification_template_lines.xml
[DEBUG]  Deflating res/layout/notification_template_media.xml
[DEBUG]  Deflating res/layout/notification_template_part_chronometer.xml
[DEBUG]  Deflating res/layout/notification_template_part_time.xml
[DEBUG]  Deflating res/layout/select_dialog_item_material.xml
[DEBUG]  Deflating res/layout/select_dialog_multichoice_material.xml
[DEBUG]  Deflating res/layout/select_dialog_singlechoice_material.xml
[DEBUG]  Deflating res/layout/support_simple_spinner_dropdown_item.xml
[DEBUG]  Deflating res/layout/titanium_tabgroup.xml
[DEBUG]  Deflating res/layout/titanium_ui_checkbox.xml
[DEBUG]  Deflating res/layout/titanium_ui_date_picker_spinner.xml
[DEBUG]  Deflating res/layout/titanium_ui_edittext.xml
[DEBUG]  Deflating res/layout/titanium_ui_list_header_or_footer.xml
[DEBUG]  Deflating res/layout/titanium_ui_list_item.xml
[DEBUG]  Deflating res/layout/titanium_ui_spinner.xml
[DEBUG]  Deflating res/layout/titanium_ui_switchcompat.xml
[DEBUG]  Deflating res/layout/titanium_ui_time_picker_spinner.xml
[DEBUG]  Deflating resources.arsc
[DEBUG]  Processing C:\Users\Oliver\Documents\Appcelerator_Studio_Workspace\ConvertionProject\modules\android\com.alcoapps.actionbarextras\1.6.8\actionbarextras.jar
[DEBUG]  Processing C:\ProgramData\Titanium\mobilesdk\win32\5.1.1.GA\android\kroll-v8.jar
[DEBUG]  Processing C:\ProgramData\Titanium\mobilesdk\win32\5.1.1.GA\android\modules\titanium-analytics.jar
[DEBUG]  Processing C:\ProgramData\Titanium\mobilesdk\win32\5.1.1.GA\android\aps-analytics.jar
[DEBUG]  Processing C:\ProgramData\Titanium\mobilesdk\win32\5.1.1.GA\android\modules\titanium-android.jar
[DEBUG]  Processing C:\ProgramData\Titanium\mobilesdk\win32\5.1.1.GA\android\jaxen-1.1.1.jar
[DEBUG]  Processing C:\ProgramData\Titanium\mobilesdk\win32\5.1.1.GA\android\ti-commons-codec-1.3.jar
[DEBUG]  Processing C:\ProgramData\Titanium\mobilesdk\win32\5.1.1.GA\android\kroll-common.jar
[DEBUG]  Processing C:\ProgramData\Titanium\mobilesdk\win32\5.1.1.GA\android\titanium.jar
[DEBUG]  Deflating org/appcelerator/titanium/build.properties
[DEBUG]  Adding org/appcelerator/titanium/res/drawable/background.png
[DEBUG]  Adding org/appcelerator/titanium/res/drawable/btn_check_buttonless_on.png
[DEBUG]  Adding org/appcelerator/titanium/res/drawable/btn_check_buttonless_on_100.png
[DEBUG]  Adding org/appcelerator/titanium/res/drawable/btn_check_buttonless_on_18.png
[DEBUG]  Adding org/appcelerator/titanium/res/drawable/btn_check_buttonless_on_48.png
[DEBUG]  Adding org/appcelerator/titanium/res/drawable/btn_check_buttonless_on_64.png
[DEBUG]  Adding org/appcelerator/titanium/res/drawable/btn_more.png
[DEBUG]  Adding org/appcelerator/titanium/res/drawable/btn_more_100.png
[DEBUG]  Adding org/appcelerator/titanium/res/drawable/btn_more_18.png
[DEBUG]  Adding org/appcelerator/titanium/res/drawable/btn_more_48.png
[DEBUG]  Adding org/appcelerator/titanium/res/drawable/btn_more_64.png
[DEBUG]  Adding org/appcelerator/titanium/res/drawable/btn_picker_normal.9.png
[DEBUG]  Adding org/appcelerator/titanium/res/drawable/btn_picker_pressed.9.png
[DEBUG]  Adding org/appcelerator/titanium/res/drawable/btn_picker_selected.9.png
[DEBUG]  Adding org/appcelerator/titanium/res/drawable/default_icon.png
[DEBUG]  Adding org/appcelerator/titanium/res/drawable/photoDefault.png
[DEBUG]  Processing C:\ProgramData\Titanium\mobilesdk\win32\5.1.1.GA\android\modules\titanium-app.jar
[DEBUG]  Processing C:\ProgramData\Titanium\mobilesdk\win32\5.1.1.GA\android\modules\titanium-ui.jar
[DEBUG]  Deflating ti/modules/titanium/ui/widget/webview/binding.js
[DEBUG]  Deflating ti/modules/titanium/ui/widget/webview/binding.min.js
[DEBUG]  Deflating ti/modules/titanium/ui/widget/webview/json2.js
[DEBUG]  Deflating ti/modules/titanium/ui/widget/webview/polling.js
[DEBUG]  Deflating ti/modules/titanium/ui/widget/webview/polling.min.js
[DEBUG]  Processing C:\ProgramData\Titanium\mobilesdk\win32\5.1.1.GA\android\nineoldandroids-appc-2.4.0.jar
[DEBUG]  Processing C:\ProgramData\Titanium\mobilesdk\win32\5.1.1.GA\android\modules\titanium-filesystem.jar
[DEBUG]  Processing C:\ProgramData\Titanium\mobilesdk\win32\5.1.1.GA\android\modules\titanium-media.jar
[DEBUG]  Processing C:\ProgramData\Titanium\mobilesdk\win32\5.1.1.GA\android\modules\titanium-appcompat.jar
[DEBUG]  Processing C:\ProgramData\Titanium\mobilesdk\win32\5.1.1.GA\android\android-support-v4.jar
[DEBUG]  Processing C:\ProgramData\Titanium\mobilesdk\win32\5.1.1.GA\android\android-support-v7-appcompat.jar
[DEBUG]  Processing C:\ProgramData\Titanium\mobilesdk\win32\5.1.1.GA\android\modules\titanium-cardview.jar
[DEBUG]  Processing C:\ProgramData\Titanium\mobilesdk\win32\5.1.1.GA\android\cardview-v7-23.0.1.jar
[DEBUG]  Processing C:\ProgramData\Titanium\mobilesdk\win32\5.1.1.GA\android\modules\titanium-locale.jar
[DEBUG]  Processing C:\ProgramData\Titanium\mobilesdk\win32\5.1.1.GA\android\modules\titanium-network.jar
[DEBUG]  Processing C:\ProgramData\Titanium\mobilesdk\win32\5.1.1.GA\android\modules\titanium-xml.jar
[DEBUG]  Processing C:\ProgramData\Titanium\mobilesdk\win32\5.1.1.GA\android\modules\titanium-utils.jar
[DEBUG]  Processing C:\ProgramData\Titanium\mobilesdk\win32\5.1.1.GA\android\modules\titanium-geolocation.jar
[DEBUG]  Processing C:\ProgramData\Titanium\mobilesdk\win32\5.1.1.GA\android\modules\titanium-accelerometer.jar
[DEBUG]  Processing C:\ProgramData\Titanium\mobilesdk\win32\5.1.1.GA\android\modules\titanium-contacts.jar
[DEBUG]  Processing C:\ProgramData\Titanium\mobilesdk\win32\5.1.1.GA\android\modules\titanium-map.jar
[DEBUG]  Processing C:\ProgramData\Titanium\mobilesdk\win32\5.1.1.GA\android\modules\titanium-calendar.jar
[DEBUG]  Processing C:\ProgramData\Titanium\mobilesdk\win32\5.1.1.GA\android\modules\titanium-gesture.jar
[DEBUG]  Processing C:\ProgramData\Titanium\mobilesdk\win32\5.1.1.GA\android\modules\titanium-platform.jar
[DEBUG]  Processing C:\ProgramData\Titanium\mobilesdk\win32\5.1.1.GA\android\modules\titanium-database.jar
[DEBUG]  Adding classes.dex
[INFO]   Processing C:\Users\Oliver\Documents\Appcelerator_Studio_Workspace\ConvertionProject\build\android\src
[DEBUG]  Adding lib/armeabi/libkroll-v8.so
[DEBUG]  Adding lib/armeabi/libstlport_shared.so
[DEBUG]  Adding lib/armeabi/libtiverify.so
[DEBUG]  Adding lib/armeabi-v7a/libkroll-v8.so
[DEBUG]  Adding lib/armeabi-v7a/libstlport_shared.so
[DEBUG]  Adding lib/armeabi-v7a/libtiverify.so
[DEBUG]  Adding lib/x86/libkroll-v8.so
[DEBUG]  Adding lib/x86/libstlport_shared.so
[DEBUG]  Adding lib/x86/libtiverify.so
[DEBUG]  Adding lib/armeabi/libcom.alcoapps.actionbarextras.so
[DEBUG]  Adding lib/armeabi-v7a/libcom.alcoapps.actionbarextras.so
[DEBUG]  Adding lib/x86/libcom.alcoapps.actionbarextras.so
[INFO]   Writing unsigned apk: C:\Users\Oliver\Documents\Appcelerator_Studio_Workspace\ConvertionProject\build\android\bin\app-unsigned.apk
[INFO]   Using MD5withRSA signature algorithm
[INFO]   Signing apk: C:\Program Files (x86)\Java\jdk1.7.0_80\bin\jarsigner.exe "-sigalg" "MD5withRSA" "-digestalg" "SHA1" "-keystore" "C:\ProgramData\Titanium\mobilesdk\win32\5.1.1.GA\android\dev_keystore" "-storepass" "*******" "-signedjar" "C:\Users\Oliver\Documents\Appcelerator_Studio_Workspace\ConvertionProject\build\android\bin\ConvertionProject.apk" "C:\Users\Oliver\Documents\Appcelerator_Studio_Workspace\ConvertionProject\build\android\bin\app-unsigned.apk" "tidev"
[INFO]   Aligning zip file: C:\Android\android-sdk\build-tools\23.0.2\zipalign.exe "-v" "4" "C:\Users\Oliver\Documents\Appcelerator_Studio_Workspace\ConvertionProject\build\android\bin\ConvertionProject.apk" "C:\Users\Oliver\Documents\Appcelerator_Studio_Workspace\ConvertionProject\build\android\bin\ConvertionProject.apkz"
[INFO]   Writing build manifest: C:\Users\Oliver\Documents\Appcelerator_Studio_Workspace\ConvertionProject\build\android\build-manifest.json
[INFO]   Making sure the adb server is running
[INFO]   Installing apk: C:\Users\Oliver\Documents\Appcelerator_Studio_Workspace\ConvertionProject\build\android\bin\ConvertionProject.apk
[TRACE]  Checking if package manager service is started
[TRACE]  Package manager has started
[TRACE]  Executing: C:\Android\android-sdk\platform-tools\adb.exe -s 192.168.56.101:5555 install -r C:\Users\Oliver\Documents\Appcelerator_Studio_Workspace\ConvertionProject\build\android\bin\ConvertionProject.apk
[INFO]   App successfully installed
[INFO]   Starting app: com.oliverporcel.ConvertionProject/.ConvertionprojectActivity
[DEBUG]  Trying to start the app...
[INFO]   Application pid: 4290
[INFO]   Project built successfully in 30s 649ms
